<?xml version="1.0" encoding="UTF-8"?>
<!-- Generated by org.testng.reporters.JUnitReportReporter -->
<testsuite skipped="0" hostname="hp-PC" name="selenium.Parlleltest" tests="2" failures="0" timestamp="27 Jul 2019 10:43:17 GMT" time="113.522" errors="0">
  <testcase name="test2" time="82.035" classname="selenium.Parlleltest"/>
  <testcase name="test1" time="31.487" classname="selenium.Parlleltest"/>
</testsuite> <!-- selenium.Parlleltest -->
