<?xml version="1.0" encoding="UTF-8"?>
<!-- Generated by org.testng.reporters.JUnitReportReporter -->
<testsuite skipped="0" hostname="hp-PC" name="selenium.MultipleBrowser" tests="2" failures="0" timestamp="16 Jul 2019 08:17:21 GMT" time="129.056" errors="0">
  <testcase name="firefoxbrowser" time="85.618" classname="selenium.MultipleBrowser"/>
  <testcase name="cromebrowser" time="43.438" classname="selenium.MultipleBrowser"/>
</testsuite> <!-- selenium.MultipleBrowser -->
