<?xml version="1.0" encoding="UTF-8"?>
<!-- Generated by org.testng.reporters.JUnitReportReporter -->
<testsuite skipped="0" hostname="hp-PC" name="javaconcepts.Grouptest" tests="2" failures="0" timestamp="16 Jul 2019 14:45:56 GMT" time="0.016" errors="0">
  <testcase name="test3" time="0.000" classname="javaconcepts.Grouptest"/>
  <testcase name="test2" time="0.016" classname="javaconcepts.Grouptest"/>
</testsuite> <!-- javaconcepts.Grouptest -->
