<?xml version="1.0" encoding="UTF-8"?>
<!-- Generated by org.testng.reporters.JUnitReportReporter -->
<testsuite skipped="0" hostname="hp-PC" name="selenium.Groupingtest" tests="2" failures="0" timestamp="27 Jul 2019 15:46:08 GMT" time="0.010" errors="0">
  <testcase name="test4" time="0.000" classname="selenium.Groupingtest"/>
  <testcase name="test3" time="0.010" classname="selenium.Groupingtest"/>
</testsuite> <!-- selenium.Groupingtest -->
